android-project/app/build/outputs/logs/manifest-merger-debug-report.txt
-- Merging decision tree log ---
manifest
ADDED from src/main/AndroidManifest.xml:5:1-77:12
	package
		ADDED from src/main/AndroidManifest.xml:6:5-29
		INJECTED from src/main/AndroidManifest.xml
		INJECTED from src/main/AndroidManifest.xml
	android:versionName
		ADDED from src/main/AndroidManifest.xml:8:5-30
		INJECTED from src/main/AndroidManifest.xml
		INJECTED from src/main/AndroidManifest.xml
	android:versionCode
		ADDED from src/main/AndroidManifest.xml:7:5-28
		INJECTED from src/main/AndroidManifest.xml
		INJECTED from src/main/AndroidManifest.xml
	xmlns:android
		ADDED from src/main/AndroidManifest.xml:5:11-69
	android:installLocation
		ADDED from src/main/AndroidManifest.xml:9:5-35
uses-sdk
ADDED from src/main/AndroidManifest.xml:12:5-74
	android:targetSdkVersion
		ADDED from src/main/AndroidManifest.xml:12:42-71
		INJECTED from src/main/AndroidManifest.xml
		INJECTED from src/main/AndroidManifest.xml
	android:minSdkVersion
		ADDED from src/main/AndroidManifest.xml:12:15-41
		INJECTED from src/main/AndroidManifest.xml
		INJECTED from src/main/AndroidManifest.xml
uses-feature#0x00020000
ADDED from src/main/AndroidManifest.xml:15:5-54
	android:glEsVersion
		ADDED from src/main/AndroidManifest.xml:15:19-51
uses-feature#android.hardware.touchscreen
ADDED from src/main/AndroidManifest.xml:18:5-20:36
	android:required
		ADDED from src/main/AndroidManifest.xml:20:9-33
	android:name
		ADDED from src/main/AndroidManifest.xml:19:9-52
uses-feature#android.hardware.gamepad
ADDED from src/main/AndroidManifest.xml:23:5-25:36
	android:required
		ADDED from src/main/AndroidManifest.xml:25:9-33
	android:name
		ADDED from src/main/AndroidManifest.xml:24:9-48
uses-feature#android.hardware.type.pc
ADDED from src/main/AndroidManifest.xml:28:5-30:36
	android:required
		ADDED from src/main/AndroidManifest.xml:30:9-33
	android:name
		ADDED from src/main/AndroidManifest.xml:29:9-48
uses-permission#android.permission.WRITE_EXTERNAL_STORAGE
ADDED from src/main/AndroidManifest.xml:33:5-81
	android:name
		ADDED from src/main/AndroidManifest.xml:33:22-78
uses-permission#android.permission.VIBRATE
ADDED from src/main/AndroidManifest.xml:35:5-66
	android:name
		ADDED from src/main/AndroidManifest.xml:35:22-63
application
ADDED from src/main/AndroidManifest.xml:48:5-75:19
	android:label
		ADDED from src/main/AndroidManifest.xml:48:18-50
	android:hardwareAccelerated
		ADDED from src/main/AndroidManifest.xml:52:9-43
	android:allowBackup
		ADDED from src/main/AndroidManifest.xml:50:9-35
	android:icon
		ADDED from src/main/AndroidManifest.xml:49:9-43
	android:theme
		ADDED from src/main/AndroidManifest.xml:51:9-67
activity#org.libsdl.app.SDLActivity
ADDED from src/main/AndroidManifest.xml:58:9-74:20
	android:label
		ADDED from src/main/AndroidManifest.xml:59:13-45
	android:configChanges
		ADDED from src/main/AndroidManifest.xml:60:13-83
	android:name
		ADDED from src/main/AndroidManifest.xml:58:19-45
intent-filter#android.intent.action.MAIN+android.intent.category.LAUNCHER
ADDED from src/main/AndroidManifest.xml:62:13-65:29
action#android.intent.action.MAIN
ADDED from src/main/AndroidManifest.xml:63:17-69
	android:name
		ADDED from src/main/AndroidManifest.xml:63:25-66
category#android.intent.category.LAUNCHER
ADDED from src/main/AndroidManifest.xml:64:17-77
	android:name
		ADDED from src/main/AndroidManifest.xml:64:27-74